2022-08-18T12:01:49.023+0800 [DEBUG] [org.gradle.launcher.daemon.bootstrap.DaemonMain] Assuming the daemon was started with following jvm opts: [--add-opens, java.base/java.util=ALL-UNNAMED, --add-opens, java.base/java.lang=ALL-UNNAMED, --add-opens, java.base/java.lang.invoke=ALL-UNNAMED, --add-opens, java.base/java.util=ALL-UNNAMED, --add-opens, java.prefs/java.util.prefs=ALL-UNNAMED, --add-opens, java.prefs/java.util.prefs=ALL-UNNAMED, --add-opens, java.base/java.nio.charset=ALL-UNNAMED, --add-opens, java.base/java.net=ALL-UNNAMED, --add-opens, java.base/java.util.concurrent.atomic=ALL-UNNAMED, -Xmx2048m, -Dfile.encoding=UTF-8, -Duser.country=CN, -Duser.language=zh, -Duser.variant]
2022-08-18T12:01:49.166+0800 [DEBUG] [org.gradle.internal.nativeintegration.services.NativeServices] Native-platform posix files integration is not available. Continuing with fallback.
2022-08-18T12:01:49.179+0800 [INFO] [org.gradle.launcher.daemon.server.Daemon] start() called on daemon - DefaultDaemonContext[uid=79b20a22-0739-410e-aea9-a7fe3aa826d3,javaHome=D:\as\jre,daemonRegistryDir=C:\Users\Rrk\AndroidStudioProjects\cof2\gradle\wrapper\daemon,pid=22944,idleTimeout=10800000,priority=NORMAL,daemonOpts=--add-opens,java.base/java.util=ALL-UNNAMED,--add-opens,java.base/java.lang=ALL-UNNAMED,--add-opens,java.base/java.lang.invoke=ALL-UNNAMED,--add-opens,java.base/java.util=ALL-UNNAMED,--add-opens,java.prefs/java.util.prefs=ALL-UNNAMED,--add-opens,java.prefs/java.util.prefs=ALL-UNNAMED,--add-opens,java.base/java.nio.charset=ALL-UNNAMED,--add-opens,java.base/java.net=ALL-UNNAMED,--add-opens,java.base/java.util.concurrent.atomic=ALL-UNNAMED,-Xmx2048m,-Dfile.encoding=UTF-8,-Duser.country=CN,-Duser.language=zh,-Duser.variant]
2022-08-18T12:01:49.711+0800 [DEBUG] [org.gradle.internal.remote.internal.inet.InetAddresses] Adding IP addresses for network interface Software Loopback Interface 1
2022-08-18T12:01:49.713+0800 [DEBUG] [org.gradle.internal.remote.internal.inet.InetAddresses] Is this a loopback interface? true
2022-08-18T12:01:49.714+0800 [DEBUG] [org.gradle.internal.remote.internal.inet.InetAddresses] Adding loopback address /127.0.0.1
2022-08-18T12:01:49.714+0800 [DEBUG] [org.gradle.internal.remote.internal.inet.InetAddresses] Adding loopback address /0:0:0:0:0:0:0:1
2022-08-18T12:01:49.715+0800 [DEBUG] [org.gradle.internal.remote.internal.inet.InetAddresses] Adding IP addresses for network interface Microsoft 6to4 Adapter
2022-08-18T12:01:49.717+0800 [DEBUG] [org.gradle.internal.remote.internal.inet.InetAddresses] Is this a loopback interface? false
2022-08-18T12:01:49.717+0800 [DEBUG] [org.gradle.internal.remote.internal.inet.InetAddresses] Adding IP addresses for network interface Realtek 8822BE Wireless LAN 802.11ac PCI-E NIC-QoS Packet Scheduler-0000
2022-08-18T12:01:49.720+0800 [DEBUG] [org.gradle.internal.remote.internal.inet.InetAddresses] Is this a loopback interface? false
2022-08-18T12:01:49.720+0800 [DEBUG] [org.gradle.internal.remote.internal.inet.InetAddresses] Adding IP addresses for network interface WAN Miniport (SSTP)
2022-08-18T12:01:49.723+0800 [DEBUG] [org.gradle.internal.remote.internal.inet.InetAddresses] Is this a loopback interface? false
2022-08-18T12:01:49.723+0800 [DEBUG] [org.gradle.internal.remote.internal.inet.InetAddresses] Adding IP addresses for network interface Microsoft Wi-Fi Direct Virtual Adapter #2
2022-08-18T12:01:49.726+0800 [DEBUG] [org.gradle.internal.remote.internal.inet.InetAddresses] Is this a loopback interface? false
2022-08-18T12:01:49.726+0800 [DEBUG] [org.gradle.internal.remote.internal.inet.InetAddresses] Adding remote address /fe80:0:0:0:9cbd:cf10:db4f:daec%wlan1
2022-08-18T12:01:49.726+0800 [DEBUG] [org.gradle.internal.remote.internal.inet.InetAddresses] Adding IP addresses for network interface Microsoft Wi-Fi Direct Virtual Adapter-WFP Native MAC Layer LightWeight Filter-0000
2022-08-18T12:01:49.729+0800 [DEBUG] [org.gradle.internal.remote.internal.inet.InetAddresses] Is this a loopback interface? false
2022-08-18T12:01:49.729+0800 [DEBUG] [org.gradle.internal.remote.internal.inet.InetAddresses] Adding IP addresses for network interface Microsoft IP-HTTPS Platform Adapter
2022-08-18T12:01:49.732+0800 [DEBUG] [org.gradle.internal.remote.internal.inet.InetAddresses] Is this a loopback interface? false
2022-08-18T12:01:49.732+0800 [DEBUG] [org.gradle.internal.remote.internal.inet.InetAddresses] Adding IP addresses for network interface WAN Miniport (IP)
2022-08-18T12:01:49.735+0800 [DEBUG] [org.gradle.internal.remote.internal.inet.InetAddresses] Is this a loopback interface? false
2022-08-18T12:01:49.735+0800 [DEBUG] [org.gradle.internal.remote.internal.inet.InetAddresses] Adding IP addresses for network interface WAN Miniport (IKEv2)
2022-08-18T12:01:49.737+0800 [DEBUG] [org.gradle.internal.remote.internal.inet.InetAddresses] Is this a loopback interface? false
2022-08-18T12:01:49.738+0800 [DEBUG] [org.gradle.internal.remote.internal.inet.InetAddresses] Adding IP addresses for network interface Microsoft Wi-Fi Direct Virtual Adapter
2022-08-18T12:01:49.740+0800 [DEBUG] [org.gradle.internal.remote.internal.inet.InetAddresses] Is this a loopback interface? false
2022-08-18T12:01:49.741+0800 [DEBUG] [org.gradle.internal.remote.internal.inet.InetAddresses] Adding remote address /fe80:0:0:0:7598:4377:f63c:1212%wlan3
2022-08-18T12:01:49.741+0800 [DEBUG] [org.gradle.internal.remote.internal.inet.InetAddresses] Adding IP addresses for network interface WAN Miniport (IPv6)
2022-08-18T12:01:49.743+0800 [DEBUG] [org.gradle.internal.remote.internal.inet.InetAddresses] Is this a loopback interface? false
2022-08-18T12:01:49.744+0800 [DEBUG] [org.gradle.internal.remote.internal.inet.InetAddresses] Adding IP addresses for network interface Microsoft Teredo Tunneling Adapter
2022-08-18T12:01:49.747+0800 [DEBUG] [org.gradle.internal.remote.internal.inet.InetAddresses] Is this a loopback interface? false
2022-08-18T12:01:49.747+0800 [DEBUG] [org.gradle.internal.remote.internal.inet.InetAddresses] Adding IP addresses for network interface WAN Miniport (L2TP)
2022-08-18T12:01:49.751+0800 [DEBUG] [org.gradle.internal.remote.internal.inet.InetAddresses] Is this a loopback interface? false
2022-08-18T12:01:49.751+0800 [DEBUG] [org.gradle.internal.remote.internal.inet.InetAddresses] Adding IP addresses for network interface WAN Miniport (PPTP)
2022-08-18T12:01:49.755+0800 [DEBUG] [org.gradle.internal.remote.internal.inet.InetAddresses] Is this a loopback interface? false
2022-08-18T12:01:49.755+0800 [DEBUG] [org.gradle.internal.remote.internal.inet.InetAddresses] Adding IP addresses for network interface Bluetooth Device (Personal Area Network)
2022-08-18T12:01:49.759+0800 [DEBUG] [org.gradle.internal.remote.internal.inet.InetAddresses] Is this a loopback interface? false
2022-08-18T12:01:49.759+0800 [DEBUG] [org.gradle.internal.remote.internal.inet.InetAddresses] Adding remote address /fe80:0:0:0:1c8c:bbd:96f1:6de7%eth2
2022-08-18T12:01:49.759+0800 [DEBUG] [org.gradle.internal.remote.internal.inet.InetAddresses] Adding IP addresses for network interface Realtek 8822BE Wireless LAN 802.11ac PCI-E NIC
2022-08-18T12:01:49.762+0800 [DEBUG] [org.gradle.internal.remote.internal.inet.InetAddresses] Is this a loopback interface? false
2022-08-18T12:01:49.762+0800 [DEBUG] [org.gradle.internal.remote.internal.inet.InetAddresses] Adding remote address /192.168.0.110
2022-08-18T12:01:49.762+0800 [DEBUG] [org.gradle.internal.remote.internal.inet.InetAddresses] Adding remote address /fe80:0:0:0:5a7:67d2:af11:36ec%wlan4
2022-08-18T12:01:49.762+0800 [DEBUG] [org.gradle.internal.remote.internal.inet.InetAddresses] Adding IP addresses for network interface Realtek PCIe GbE Family Controller
2022-08-18T12:01:49.765+0800 [DEBUG] [org.gradle.internal.remote.internal.inet.InetAddresses] Is this a loopback interface? false
2022-08-18T12:01:49.766+0800 [DEBUG] [org.gradle.internal.remote.internal.inet.InetAddresses] Adding remote address /fe80:0:0:0:759a:82bb:43ae:d1de%eth3
2022-08-18T12:01:49.766+0800 [DEBUG] [org.gradle.internal.remote.internal.inet.InetAddresses] Adding IP addresses for network interface Apple Mobile Device Ethernet
2022-08-18T12:01:49.769+0800 [DEBUG] [org.gradle.internal.remote.internal.inet.InetAddresses] Is this a loopback interface? false
2022-08-18T12:01:49.770+0800 [DEBUG] [org.gradle.internal.remote.internal.inet.InetAddresses] Adding IP addresses for network interface WAN Miniport (PPPOE)
2022-08-18T12:01:49.772+0800 [DEBUG] [org.gradle.internal.remote.internal.inet.InetAddresses] Is this a loopback interface? false
2022-08-18T12:01:49.773+0800 [DEBUG] [org.gradle.internal.remote.internal.inet.InetAddresses] Adding IP addresses for network interface WAN Miniport (Network Monitor)
2022-08-18T12:01:49.775+0800 [DEBUG] [org.gradle.internal.remote.internal.inet.InetAddresses] Is this a loopback interface? false
2022-08-18T12:01:49.776+0800 [DEBUG] [org.gradle.internal.remote.internal.inet.InetAddresses] Adding IP addresses for network interface Microsoft Kernel Debug Network Adapter
2022-08-18T12:01:49.778+0800 [DEBUG] [org.gradle.internal.remote.internal.inet.InetAddresses] Is this a loopback interface? false
2022-08-18T12:01:49.778+0800 [DEBUG] [org.gradle.internal.remote.internal.inet.InetAddresses] Adding IP addresses for network interface Microsoft Wi-Fi Direct Virtual Adapter-Native WiFi Filter Driver-0000
2022-08-18T12:01:49.781+0800 [DEBUG] [org.gradle.internal.remote.internal.inet.InetAddresses] Is this a loopback interface? false
2022-08-18T12:01:49.781+0800 [DEBUG] [org.gradle.internal.remote.internal.inet.InetAddresses] Adding IP addresses for network interface Microsoft Wi-Fi Direct Virtual Adapter-QoS Packet Scheduler-0000
2022-08-18T12:01:49.784+0800 [DEBUG] [org.gradle.internal.remote.internal.inet.InetAddresses] Is this a loopback interface? false
2022-08-18T12:01:49.784+0800 [DEBUG] [org.gradle.internal.remote.internal.inet.InetAddresses] Adding IP addresses for network interface Microsoft Wi-Fi Direct Virtual Adapter-WFP 802.3 MAC Layer LightWeight Filter-0000
2022-08-18T12:01:49.786+0800 [DEBUG] [org.gradle.internal.remote.internal.inet.InetAddresses] Is this a loopback interface? false
2022-08-18T12:01:49.787+0800 [DEBUG] [org.gradle.internal.remote.internal.inet.InetAddresses] Adding IP addresses for network interface Realtek 8822BE Wireless LAN 802.11ac PCI-E NIC-WFP Native MAC Layer LightWeight Filter-0000
2022-08-18T12:01:49.789+0800 [DEBUG] [org.gradle.internal.remote.internal.inet.InetAddresses] Is this a loopback interface? false
2022-08-18T12:01:49.789+0800 [DEBUG] [org.gradle.internal.remote.internal.inet.InetAddresses] Adding IP addresses for network interface Realtek PCIe GbE Family Controller-WFP Native MAC Layer LightWeight Filter-0000
2022-08-18T12:01:49.792+0800 [DEBUG] [org.gradle.internal.remote.internal.inet.InetAddresses] Is this a loopback interface? false
2022-08-18T12:01:49.792+0800 [DEBUG] [org.gradle.internal.remote.internal.inet.InetAddresses] Adding IP addresses for network interface Realtek PCIe GbE Family Controller-QoS Packet Scheduler-0000
2022-08-18T12:01:49.795+0800 [DEBUG] [org.gradle.internal.remote.internal.inet.InetAddresses] Is this a loopback interface? false
2022-08-18T12:01:49.795+0800 [DEBUG] [org.gradle.internal.remote.internal.inet.InetAddresses] Adding IP addresses for network interface Realtek PCIe GbE Family Controller-WFP 802.3 MAC Layer LightWeight Filter-0000
2022-08-18T12:01:49.798+0800 [DEBUG] [org.gradle.internal.remote.internal.inet.InetAddresses] Is this a loopback interface? false
2022-08-18T12:01:49.798+0800 [DEBUG] [org.gradle.internal.remote.internal.inet.InetAddresses] Adding IP addresses for network interface Realtek 8822BE Wireless LAN 802.11ac PCI-E NIC-Virtual WiFi Filter Driver-0000
2022-08-18T12:01:49.800+0800 [DEBUG] [org.gradle.internal.remote.internal.inet.InetAddresses] Is this a loopback interface? false
2022-08-18T12:01:49.801+0800 [DEBUG] [org.gradle.internal.remote.internal.inet.InetAddresses] Adding IP addresses for network interface Realtek 8822BE Wireless LAN 802.11ac PCI-E NIC-Native WiFi Filter Driver-0000
2022-08-18T12:01:49.803+0800 [DEBUG] [org.gradle.internal.remote.internal.inet.InetAddresses] Is this a loopback interface? false
2022-08-18T12:01:49.803+0800 [DEBUG] [org.gradle.internal.remote.internal.inet.InetAddresses] Adding IP addresses for network interface Realtek 8822BE Wireless LAN 802.11ac PCI-E NIC-WFP 802.3 MAC Layer LightWeight Filter-0000
2022-08-18T12:01:49.806+0800 [DEBUG] [org.gradle.internal.remote.internal.inet.InetAddresses] Is this a loopback interface? false
2022-08-18T12:01:49.806+0800 [DEBUG] [org.gradle.internal.remote.internal.inet.InetAddresses] Adding IP addresses for network interface WAN Miniport (IP)-WFP Native MAC Layer LightWeight Filter-0000
2022-08-18T12:01:49.809+0800 [DEBUG] [org.gradle.internal.remote.internal.inet.InetAddresses] Is this a loopback interface? false
2022-08-18T12:01:49.809+0800 [DEBUG] [org.gradle.internal.remote.internal.inet.InetAddresses] Adding IP addresses for network interface WAN Miniport (IP)-QoS Packet Scheduler-0000
2022-08-18T12:01:49.811+0800 [DEBUG] [org.gradle.internal.remote.internal.inet.InetAddresses] Is this a loopback interface? false
2022-08-18T12:01:49.812+0800 [DEBUG] [org.gradle.internal.remote.internal.inet.InetAddresses] Adding IP addresses for network interface WAN Miniport (IPv6)-WFP Native MAC Layer LightWeight Filter-0000
2022-08-18T12:01:49.814+0800 [DEBUG] [org.gradle.internal.remote.internal.inet.InetAddresses] Is this a loopback interface? false
2022-08-18T12:01:49.814+0800 [DEBUG] [org.gradle.internal.remote.internal.inet.InetAddresses] Adding IP addresses for network interface WAN Miniport (IPv6)-QoS Packet Scheduler-0000
2022-08-18T12:01:49.817+0800 [DEBUG] [org.gradle.internal.remote.internal.inet.InetAddresses] Is this a loopback interface? false
2022-08-18T12:01:49.817+0800 [DEBUG] [org.gradle.internal.remote.internal.inet.InetAddresses] Adding IP addresses for network interface WAN Miniport (Network Monitor)-WFP Native MAC Layer LightWeight Filter-0000
2022-08-18T12:01:49.819+0800 [DEBUG] [org.gradle.internal.remote.internal.inet.InetAddresses] Is this a loopback interface? false
2022-08-18T12:01:49.820+0800 [DEBUG] [org.gradle.internal.remote.internal.inet.InetAddresses] Adding IP addresses for network interface WAN Miniport (Network Monitor)-QoS Packet Scheduler-0000
2022-08-18T12:01:49.822+0800 [DEBUG] [org.gradle.internal.remote.internal.inet.InetAddresses] Is this a loopback interface? false
2022-08-18T12:01:49.822+0800 [DEBUG] [org.gradle.internal.remote.internal.inet.InetAddresses] Adding IP addresses for network interface Hyper-V Virtual Switch Extension Adapter
2022-08-18T12:01:49.825+0800 [DEBUG] [org.gradle.internal.remote.internal.inet.InetAddresses] Is this a loopback interface? false
2022-08-18T12:01:49.825+0800 [DEBUG] [org.gradle.internal.remote.internal.inet.InetAddresses] Adding IP addresses for network interface Hyper-V Virtual Switch Extension Adapter-Hyper-V Virtual Switch Extension Filter-0000
2022-08-18T12:01:49.827+0800 [DEBUG] [org.gradle.internal.remote.internal.inet.InetAddresses] Is this a loopback interface? false
2022-08-18T12:01:49.828+0800 [DEBUG] [org.gradle.internal.remote.internal.inet.InetAddresses] Adding IP addresses for network interface Hyper-V Virtual Ethernet Adapter
2022-08-18T12:01:49.830+0800 [DEBUG] [org.gradle.internal.remote.internal.inet.InetAddresses] Is this a loopback interface? false
2022-08-18T12:01:49.830+0800 [DEBUG] [org.gradle.internal.remote.internal.inet.InetAddresses] Adding remote address /172.19.96.1
2022-08-18T12:01:49.831+0800 [DEBUG] [org.gradle.internal.remote.internal.inet.InetAddresses] Adding remote address /fe80:0:0:0:cfa:f8cd:c2e7:29d9%eth18
2022-08-18T12:01:49.831+0800 [DEBUG] [org.gradle.internal.remote.internal.inet.InetAddresses] Adding IP addresses for network interface Hyper-V Virtual Ethernet Adapter-WFP Native MAC Layer LightWeight Filter-0000
2022-08-18T12:01:49.833+0800 [DEBUG] [org.gradle.internal.remote.internal.inet.InetAddresses] Is this a loopback interface? false
2022-08-18T12:01:49.833+0800 [DEBUG] [org.gradle.internal.remote.internal.inet.InetAddresses] Adding IP addresses for network interface Hyper-V Virtual Ethernet Adapter-QoS Packet Scheduler-0000
2022-08-18T12:01:49.836+0800 [DEBUG] [org.gradle.internal.remote.internal.inet.InetAddresses] Is this a loopback interface? false
2022-08-18T12:01:49.836+0800 [DEBUG] [org.gradle.internal.remote.internal.inet.InetAddresses] Adding IP addresses for network interface Hyper-V Virtual Ethernet Adapter-WFP 802.3 MAC Layer LightWeight Filter-0000
2022-08-18T12:01:49.839+0800 [DEBUG] [org.gradle.internal.remote.internal.inet.InetAddresses] Is this a loopback interface? false
2022-08-18T12:01:49.839+0800 [DEBUG] [org.gradle.internal.remote.internal.inet.InetAddresses] Adding IP addresses for network interface Microsoft Wi-Fi Direct Virtual Adapter #2-WFP Native MAC Layer LightWeight Filter-0000
2022-08-18T12:01:49.842+0800 [DEBUG] [org.gradle.internal.remote.internal.inet.InetAddresses] Is this a loopback interface? false
2022-08-18T12:01:49.842+0800 [DEBUG] [org.gradle.internal.remote.internal.inet.InetAddresses] Adding IP addresses for network interface Microsoft Wi-Fi Direct Virtual Adapter #2-Native WiFi Filter Driver-0000
2022-08-18T12:01:49.844+0800 [DEBUG] [org.gradle.internal.remote.internal.inet.InetAddresses] Is this a loopback interface? false
2022-08-18T12:01:49.844+0800 [DEBUG] [org.gradle.internal.remote.internal.inet.InetAddresses] Adding IP addresses for network interface Microsoft Wi-Fi Direct Virtual Adapter #2-QoS Packet Scheduler-0000
2022-08-18T12:01:49.847+0800 [DEBUG] [org.gradle.internal.remote.internal.inet.InetAddresses] Is this a loopback interface? false
2022-08-18T12:01:49.847+0800 [DEBUG] [org.gradle.internal.remote.internal.inet.InetAddresses] Adding IP addresses for network interface Microsoft Wi-Fi Direct Virtual Adapter #2-WFP 802.3 MAC Layer LightWeight Filter-0000
2022-08-18T12:01:49.850+0800 [DEBUG] [org.gradle.internal.remote.internal.inet.InetAddresses] Is this a loopback interface? false
2022-08-18T12:01:49.852+0800 [DEBUG] [org.gradle.internal.remote.internal.inet.TcpIncomingConnector] Listening on [250492a8-3142-4379-b8b5-720e68a2afaa port:58931, addresses:[localhost/127.0.0.1]].
2022-08-18T12:01:49.861+0800 [DEBUG] [org.gradle.launcher.daemon.server.Daemon] Daemon starting at: Thu Aug 18 12:01:49 CST 2022, with address: [250492a8-3142-4379-b8b5-720e68a2afaa port:58931, addresses:[localhost/127.0.0.1]]
2022-08-18T12:01:49.861+0800 [INFO] [org.gradle.launcher.daemon.server.DaemonRegistryUpdater] Advertising the daemon address to the clients: [250492a8-3142-4379-b8b5-720e68a2afaa port:58931, addresses:[localhost/127.0.0.1]]
2022-08-18T12:01:49.861+0800 [DEBUG] [org.gradle.launcher.daemon.server.DaemonRegistryUpdater] Advertised daemon context: DefaultDaemonContext[uid=79b20a22-0739-410e-aea9-a7fe3aa826d3,javaHome=D:\as\jre,daemonRegistryDir=C:\Users\Rrk\AndroidStudioProjects\cof2\gradle\wrapper\daemon,pid=22944,idleTimeout=10800000,priority=NORMAL,daemonOpts=--add-opens,java.base/java.util=ALL-UNNAMED,--add-opens,java.base/java.lang=ALL-UNNAMED,--add-opens,java.base/java.lang.invoke=ALL-UNNAMED,--add-opens,java.base/java.util=ALL-UNNAMED,--add-opens,java.prefs/java.util.prefs=ALL-UNNAMED,--add-opens,java.prefs/java.util.prefs=ALL-UNNAMED,--add-opens,java.base/java.nio.charset=ALL-UNNAMED,--add-opens,java.base/java.net=ALL-UNNAMED,--add-opens,java.base/java.util.concurrent.atomic=ALL-UNNAMED,-Xmx2048m,-Dfile.encoding=UTF-8,-Duser.country=CN,-Duser.language=zh,-Duser.variant]
2022-08-18T12:01:49.863+0800 [DEBUG] [org.gradle.launcher.daemon.registry.PersistentDaemonRegistry] Storing daemon address: [250492a8-3142-4379-b8b5-720e68a2afaa port:58931, addresses:[localhost/127.0.0.1]], context: DefaultDaemonContext[uid=79b20a22-0739-410e-aea9-a7fe3aa826d3,javaHome=D:\as\jre,daemonRegistryDir=C:\Users\Rrk\AndroidStudioProjects\cof2\gradle\wrapper\daemon,pid=22944,idleTimeout=10800000,priority=NORMAL,daemonOpts=--add-opens,java.base/java.util=ALL-UNNAMED,--add-opens,java.base/java.lang=ALL-UNNAMED,--add-opens,java.base/java.lang.invoke=ALL-UNNAMED,--add-opens,java.base/java.util=ALL-UNNAMED,--add-opens,java.prefs/java.util.prefs=ALL-UNNAMED,--add-opens,java.prefs/java.util.prefs=ALL-UNNAMED,--add-opens,java.base/java.nio.charset=ALL-UNNAMED,--add-opens,java.base/java.net=ALL-UNNAMED,--add-opens,java.base/java.util.concurrent.atomic=ALL-UNNAMED,-Xmx2048m,-Dfile.encoding=UTF-8,-Duser.country=CN,-Duser.language=zh,-Duser.variant]
2022-08-18T12:01:49.874+0800 [DEBUG] [org.gradle.cache.internal.DefaultFileLockManager] Waiting to acquire exclusive lock on daemon addresses registry.
2022-08-18T12:01:49.880+0800 [DEBUG] [org.gradle.cache.internal.DefaultFileLockManager] Lock acquired on daemon addresses registry.
2022-08-18T12:01:49.886+0800 [DEBUG] [org.gradle.cache.internal.DefaultFileLockManager] Releasing lock on daemon addresses registry.
2022-08-18T12:01:49.886+0800 [LIFECYCLE] [org.gradle.launcher.daemon.server.Daemon] Daemon server started.
2022-08-18T12:01:49.888+0800 [DEBUG] [org.gradle.launcher.daemon.bootstrap.DaemonStartupCommunication] Completed writing the daemon greeting. Closing streams...
2022-08-18T12:01:49.895+0800 [DEBUG] [org.gradle.launcher.daemon.server.Daemon] stopOnExpiration() called on daemon
2022-08-18T12:01:49.897+0800 [DEBUG] [org.gradle.launcher.daemon.server.Daemon] awaitExpiration() called on daemon
2022-08-18T12:01:49.897+0800 [DEBUG] [org.gradle.launcher.daemon.server.DaemonStateCoordinator] daemon is running. Sleeping until state changes.
2022-08-18T12:01:49.912+0800 [DEBUG] [org.gradle.internal.remote.internal.inet.TcpIncomingConnector] Accepted connection from /127.0.0.1:58932 to /127.0.0.1:58931.
2022-08-18T12:01:49.987+0800 [DEBUG] [org.gradle.launcher.daemon.server.SynchronizedDispatchConnection] thread 20: received class org.gradle.launcher.daemon.protocol.Build
2022-08-18T12:01:49.987+0800 [DEBUG] [org.gradle.launcher.daemon.server.DefaultDaemonConnection] thread 20: Received non-IO message from client: Build{id=72e06e9d-dbbe-4292-b519-0837a36da3d9, currentDir=D:\as\jre\bin}
2022-08-18T12:01:49.988+0800 [INFO] [org.gradle.launcher.daemon.server.DefaultIncomingConnectionHandler] Received command: Build{id=72e06e9d-dbbe-4292-b519-0837a36da3d9, currentDir=D:\as\jre\bin}.
2022-08-18T12:01:49.988+0800 [DEBUG] [org.gradle.launcher.daemon.server.DefaultIncomingConnectionHandler] Starting executing command: Build{id=72e06e9d-dbbe-4292-b519-0837a36da3d9, currentDir=D:\as\jre\bin} with connection: socket connection from /127.0.0.1:58931 to /127.0.0.1:58932.
2022-08-18T12:01:49.991+0800 [DEBUG] [org.gradle.launcher.daemon.server.DaemonStateCoordinator] Command execution: started DaemonCommandExecution[command = Build{id=72e06e9d-dbbe-4292-b519-0837a36da3d9, currentDir=D:\as\jre\bin}, connection = DefaultDaemonConnection: socket connection from /127.0.0.1:58931 to /127.0.0.1:58932] after 0.0 minutes of idle
2022-08-18T12:01:49.991+0800 [INFO] [org.gradle.launcher.daemon.server.DaemonRegistryUpdater] Marking the daemon as busy, address: [250492a8-3142-4379-b8b5-720e68a2afaa port:58931, addresses:[localhost/127.0.0.1]]
2022-08-18T12:01:49.991+0800 [DEBUG] [org.gradle.launcher.daemon.registry.PersistentDaemonRegistry] Marking busy by address: [250492a8-3142-4379-b8b5-720e68a2afaa port:58931, addresses:[localhost/127.0.0.1]]
2022-08-18T12:01:49.992+0800 [DEBUG] [org.gradle.cache.internal.DefaultFileLockManager] Waiting to acquire exclusive lock on daemon addresses registry.
2022-08-18T12:01:49.993+0800 [DEBUG] [org.gradle.cache.internal.DefaultFileLockManager] Lock acquired on daemon addresses registry.
2022-08-18T12:01:49.996+0800 [DEBUG] [org.gradle.cache.internal.DefaultFileLockManager] Releasing lock on daemon addresses registry.
2022-08-18T12:01:49.997+0800 [DEBUG] [org.gradle.launcher.daemon.server.DaemonStateCoordinator] resetting idle timer
2022-08-18T12:01:50.000+0800 [DEBUG] [org.gradle.launcher.daemon.server.DaemonStateCoordinator] daemon is running. Sleeping until state changes.
2022-08-18T12:01:50.002+0800 [INFO] [org.gradle.launcher.daemon.server.exec.StartBuildOrRespondWithBusy] Daemon is about to start building Build{id=72e06e9d-dbbe-4292-b519-0837a36da3d9, currentDir=D:\as\jre\bin}. Dispatching build started information...
2022-08-18T12:01:50.003+0800 [DEBUG] [org.gradle.launcher.daemon.server.SynchronizedDispatchConnection] thread 22: dispatching org.gradle.launcher.daemon.protocol.BuildStarted@4e951ce1
2022-08-18T12:01:50.005+0800 [DEBUG] [org.gradle.launcher.daemon.server.exec.EstablishBuildEnvironment] Configuring env variables: [USERDOMAIN_ROAMINGPROFILE, PROCESSOR_LEVEL, VS140COMNTOOLS, MGLS_LICENSE_FILE, SESSIONNAME, ALLUSERSPROFILE, PROCESSOR_ARCHITECTURE, MYSQL_PATH, PSModulePath, SystemDrive, MAVEN_HOME, USERNAME, ProgramFiles(x86), FPS_BROWSER_USER_PROFILE_STRING, PATHEXT, DriverData, OneDriveConsumer, NVCUDASAMPLES11_5_ROOT, XILINX_FOR_ALTIUM_OVERRIDE, PyCharm Community Edition, ProgramData, ProgramW6432, HOMEPATH, SOPC_KIT_NIOS2, PROCESSOR_IDENTIFIER, ProgramFiles, PUBLIC, windir, =::, ZES_ENABLE_SYSMAN, LOCALAPPDATA, IntelliJ IDEA, USERDOMAIN, LOGONSERVER, FPS_BROWSER_APP_PROFILE_STRING, JAVA_HOME, asl.log, OneDrive, APPDATA, CUDA_PATH_V11_5, NVTOOLSEXT_PATH, CommonProgramFiles, Path, OS, COMPUTERNAME, NVCUDASAMPLES_ROOT, CUDA_PATH, PROCESSOR_REVISION, CommonProgramW6432, ComSpec, TEMP, SystemRoot, HOMEDRIVE, USERPROFILE, TMP, CommonProgramFiles(x86), NUMBER_OF_PROCESSORS, IDEA_INITIAL_DIRECTORY, QUARTUS_ROOTDIR]
2022-08-18T12:01:50.008+0800 [DEBUG] [org.gradle.launcher.daemon.server.SynchronizedDispatchConnection] thread 20: received class org.gradle.launcher.daemon.protocol.CloseInput
2022-08-18T12:01:50.008+0800 [DEBUG] [org.gradle.launcher.daemon.server.DefaultDaemonConnection] thread 20: Received IO message from client: org.gradle.launcher.daemon.protocol.CloseInput@ca32c9e
2022-08-18T12:01:50.011+0800 [DEBUG] [org.gradle.launcher.daemon.server.exec.LogToClient] About to start relaying all logs to the client via the connection.
2022-08-18T12:01:50.011+0800 [INFO] [org.gradle.launcher.daemon.server.exec.LogToClient] The client will now receive all logging from the daemon (pid: 22944). The daemon log file: C:\Users\Rrk\AndroidStudioProjects\cof2\gradle\wrapper\daemon\7.3.3\daemon-22944.out.log
2022-08-18T12:01:50.014+0800 [INFO] [org.gradle.launcher.daemon.server.exec.LogAndCheckHealth] Starting build in new daemon [memory: 2 GiB]
2022-08-18T12:01:50.015+0800 [INFO] [org.gradle.launcher.daemon.server.exec.ForwardClientInput] Closing daemon's stdin at end of input.
2022-08-18T12:01:50.015+0800 [INFO] [org.gradle.launcher.daemon.server.exec.ForwardClientInput] The daemon will no longer process any standard input.
2022-08-18T12:01:50.022+0800 [DEBUG] [org.gradle.launcher.daemon.server.exec.ExecuteBuild] The daemon has started executing the build.
2022-08-18T12:01:50.022+0800 [DEBUG] [org.gradle.launcher.daemon.server.exec.ExecuteBuild] Executing build with daemon context: DefaultDaemonContext[uid=79b20a22-0739-410e-aea9-a7fe3aa826d3,javaHome=D:\as\jre,daemonRegistryDir=C:\Users\Rrk\AndroidStudioProjects\cof2\gradle\wrapper\daemon,pid=22944,idleTimeout=10800000,priority=NORMAL,daemonOpts=--add-opens,java.base/java.util=ALL-UNNAMED,--add-opens,java.base/java.lang=ALL-UNNAMED,--add-opens,java.base/java.lang.invoke=ALL-UNNAMED,--add-opens,java.base/java.util=ALL-UNNAMED,--add-opens,java.prefs/java.util.prefs=ALL-UNNAMED,--add-opens,java.prefs/java.util.prefs=ALL-UNNAMED,--add-opens,java.base/java.nio.charset=ALL-UNNAMED,--add-opens,java.base/java.net=ALL-UNNAMED,--add-opens,java.base/java.util.concurrent.atomic=ALL-UNNAMED,-Xmx2048m,-Dfile.encoding=UTF-8,-Duser.country=CN,-Duser.language=zh,-Duser.variant]

BUILD SUCCESSFUL in 22s
2022-08-18T12:02:06.484+0800 [DEBUG] [org.gradle.launcher.daemon.server.exec.ExecuteBuild] The daemon has finished executing the build.
2022-08-18T12:02:06.502+0800 [DEBUG] [org.gradle.launcher.daemon.server.DaemonStateCoordinator] daemon is running. Sleeping until state changes.
2022-08-18T12:02:06.503+0800 [DEBUG] [org.gradle.launcher.daemon.server.DaemonStateCoordinator] Command execution: finished waiting for DaemonCommandExecution[command = Build{id=72e06e9d-dbbe-4292-b519-0837a36da3d9, currentDir=D:\as\jre\bin}, connection = DefaultDaemonConnection: socket connection from /127.0.0.1:58931 to /127.0.0.1:58932]. Result org.gradle.launcher.daemon.server.DaemonStateCoordinator@52425808 with state Busy
2022-08-18T12:02:06.503+0800 [DEBUG] [org.gradle.launcher.daemon.server.DaemonStateCoordinator] Command execution: completed DaemonCommandExecution[command = Build{id=72e06e9d-dbbe-4292-b519-0837a36da3d9, currentDir=D:\as\jre\bin}, connection = DefaultDaemonConnection: socket connection from /127.0.0.1:58931 to /127.0.0.1:58932]
2022-08-18T12:02:06.504+0800 [DEBUG] [org.gradle.launcher.daemon.server.DaemonStateCoordinator] resetting idle timer
2022-08-18T12:02:06.504+0800 [INFO] [org.gradle.launcher.daemon.server.DaemonRegistryUpdater] Marking the daemon as idle, address: [250492a8-3142-4379-b8b5-720e68a2afaa port:58931, addresses:[localhost/127.0.0.1]]
2022-08-18T12:02:06.504+0800 [DEBUG] [org.gradle.launcher.daemon.registry.PersistentDaemonRegistry] Marking busy by address: [250492a8-3142-4379-b8b5-720e68a2afaa port:58931, addresses:[localhost/127.0.0.1]]
2022-08-18T12:02:06.506+0800 [DEBUG] [org.gradle.cache.internal.DefaultFileLockManager] Waiting to acquire exclusive lock on daemon addresses registry.
2022-08-18T12:02:06.507+0800 [DEBUG] [org.gradle.cache.internal.DefaultFileLockManager] Lock acquired on daemon addresses registry.
2022-08-18T12:02:06.509+0800 [DEBUG] [org.gradle.cache.internal.DefaultFileLockManager] Releasing lock on daemon addresses registry.
2022-08-18T12:02:06.509+0800 [DEBUG] [org.gradle.launcher.daemon.server.DaemonStateCoordinator] daemon is running. Sleeping until state changes.
2022-08-18T12:02:06.509+0800 [DEBUG] [org.gradle.launcher.daemon.server.exec.ReturnResult] Daemon is dispatching the build result: Success[value=org.gradle.launcher.exec.BuildActionResult@5930b52c]
2022-08-18T12:02:06.510+0800 [DEBUG] [org.gradle.launcher.daemon.server.SynchronizedDispatchConnection] thread 19: dispatching Success[value=org.gradle.launcher.exec.BuildActionResult@5930b52c]
2022-08-18T12:02:06.510+0800 [DEBUG] [org.gradle.launcher.daemon.server.DefaultIncomingConnectionHandler] Finishing executing command: Build{id=72e06e9d-dbbe-4292-b519-0837a36da3d9, currentDir=D:\as\jre\bin}
2022-08-18T12:02:06.529+0800 [DEBUG] [org.gradle.launcher.daemon.server.SynchronizedDispatchConnection] thread 20: received class org.gradle.launcher.daemon.protocol.Finished
2022-08-18T12:02:06.529+0800 [DEBUG] [org.gradle.launcher.daemon.server.DefaultDaemonConnection] thread 20: Received non-IO message from client: org.gradle.launcher.daemon.protocol.Finished@89e5719
2022-08-18T12:02:06.530+0800 [DEBUG] [org.gradle.launcher.daemon.server.DefaultIncomingConnectionHandler] Received finished message: org.gradle.launcher.daemon.protocol.Finished@89e5719
2022-08-18T12:02:06.531+0800 [DEBUG] [org.gradle.launcher.daemon.server.SynchronizedDispatchConnection] thread 19: stopping connection
2022-08-18T12:02:06.531+0800 [DEBUG] [org.gradle.internal.remote.internal.inet.SocketConnection] Discarding EOFException: java.io.EOFException
2022-08-18T12:02:06.531+0800 [DEBUG] [org.gradle.launcher.daemon.server.SynchronizedDispatchConnection] thread 20: received null
2022-08-18T12:02:06.531+0800 [DEBUG] [org.gradle.launcher.daemon.server.DefaultDaemonConnection] thread 20: Received end-of-input from client.
2022-08-18T12:02:06.532+0800 [DEBUG] [org.gradle.launcher.daemon.server.SynchronizedDispatchConnection] thread 19: stopping connection
2022-08-18T12:02:08.474+0800 [DEBUG] [org.gradle.cache.internal.LockOnDemandCrossProcessCacheAccess] Lock on journal cache (C:\Users\Rrk\AndroidStudioProjects\cof2\gradle\wrapper\caches\journal-1) requested by another process - releasing lock.
2022-08-18T12:02:08.474+0800 [DEBUG] [org.gradle.cache.internal.LockOnDemandCrossProcessCacheAccess] Releasing file lock for journal cache (C:\Users\Rrk\AndroidStudioProjects\cof2\gradle\wrapper\caches\journal-1)
2022-08-18T12:02:08.474+0800 [DEBUG] [org.gradle.cache.internal.btree.BTreePersistentIndexedCache] Closing cache file-access.bin (C:\Users\Rrk\AndroidStudioProjects\cof2\gradle\wrapper\caches\journal-1\file-access.bin)
2022-08-18T12:02:08.475+0800 [DEBUG] [org.gradle.cache.internal.DefaultFileLockManager] Releasing lock on journal cache (C:\Users\Rrk\AndroidStudioProjects\cof2\gradle\wrapper\caches\journal-1).
2022-08-18T12:02:08.476+0800 [DEBUG] [org.gradle.cache.internal.locklistener.FileLockCommunicator] Confirming lock release to Gradle process at port 50902 for lock with id -793532315213094556.
2022-08-18T12:02:08.476+0800 [DEBUG] [org.gradle.cache.internal.locklistener.FileLockCommunicator] Confirming lock release to Gradle process at port 50902 for lock with id -793532315213094556.
2022-08-18T12:02:08.520+0800 [DEBUG] [org.gradle.cache.internal.LockOnDemandCrossProcessCacheAccess] Lock on file hash cache (C:\Users\Rrk\AndroidStudioProjects\cof2\gradle\wrapper\caches\7.3.3\fileHashes) requested by another process - releasing lock.
2022-08-18T12:02:08.520+0800 [DEBUG] [org.gradle.cache.internal.LockOnDemandCrossProcessCacheAccess] Releasing file lock for file hash cache (C:\Users\Rrk\AndroidStudioProjects\cof2\gradle\wrapper\caches\7.3.3\fileHashes)
2022-08-18T12:02:08.520+0800 [DEBUG] [org.gradle.cache.internal.btree.BTreePersistentIndexedCache] Closing cache fileHashes.bin (C:\Users\Rrk\AndroidStudioProjects\cof2\gradle\wrapper\caches\7.3.3\fileHashes\fileHashes.bin)
2022-08-18T12:02:08.521+0800 [DEBUG] [org.gradle.cache.internal.btree.BTreePersistentIndexedCache] Closing cache resourceHashesCache.bin (C:\Users\Rrk\AndroidStudioProjects\cof2\gradle\wrapper\caches\7.3.3\fileHashes\resourceHashesCache.bin)
2022-08-18T12:02:08.521+0800 [DEBUG] [org.gradle.cache.internal.DefaultFileLockManager] Releasing lock on file hash cache (C:\Users\Rrk\AndroidStudioProjects\cof2\gradle\wrapper\caches\7.3.3\fileHashes).
2022-08-18T12:02:08.522+0800 [DEBUG] [org.gradle.cache.internal.locklistener.FileLockCommunicator] Confirming lock release to Gradle process at port 50902 for lock with id -8360067914012743292.
2022-08-18T12:02:08.523+0800 [DEBUG] [org.gradle.cache.internal.locklistener.FileLockCommunicator] Confirming lock release to Gradle process at port 50902 for lock with id -8360067914012743292.
2022-08-18T12:02:08.975+0800 [DEBUG] [org.gradle.cache.internal.LockOnDemandCrossProcessCacheAccess] Lock on jars (C:\Users\Rrk\AndroidStudioProjects\cof2\gradle\wrapper\caches\jars-9) requested by another process - releasing lock.
2022-08-18T12:02:08.975+0800 [DEBUG] [org.gradle.cache.internal.LockOnDemandCrossProcessCacheAccess] Releasing file lock for jars (C:\Users\Rrk\AndroidStudioProjects\cof2\gradle\wrapper\caches\jars-9)
2022-08-18T12:02:08.975+0800 [DEBUG] [org.gradle.cache.internal.DefaultFileLockManager] Releasing lock on jars (C:\Users\Rrk\AndroidStudioProjects\cof2\gradle\wrapper\caches\jars-9).
2022-08-18T12:02:08.976+0800 [DEBUG] [org.gradle.cache.internal.locklistener.FileLockCommunicator] Confirming lock release to Gradle process at port 50902 for lock with id 8040300662544251866.
2022-08-18T12:02:08.976+0800 [DEBUG] [org.gradle.cache.internal.locklistener.FileLockCommunicator] Confirming lock release to Gradle process at port 50902 for lock with id 8040300662544251866.
2022-08-18T12:02:09.444+0800 [DEBUG] [org.gradle.cache.internal.LockOnDemandCrossProcessCacheAccess] Lock on execution history cache (C:\Users\Rrk\AndroidStudioProjects\cof2\gradle\wrapper\caches\7.3.3\executionHistory) requested by another process - releasing lock.
2022-08-18T12:02:09.445+0800 [DEBUG] [org.gradle.cache.internal.LockOnDemandCrossProcessCacheAccess] Releasing file lock for execution history cache (C:\Users\Rrk\AndroidStudioProjects\cof2\gradle\wrapper\caches\7.3.3\executionHistory)
2022-08-18T12:02:09.445+0800 [DEBUG] [org.gradle.cache.internal.btree.BTreePersistentIndexedCache] Closing cache executionHistory.bin (C:\Users\Rrk\AndroidStudioProjects\cof2\gradle\wrapper\caches\7.3.3\executionHistory\executionHistory.bin)
2022-08-18T12:02:09.445+0800 [DEBUG] [org.gradle.cache.internal.DefaultFileLockManager] Releasing lock on execution history cache (C:\Users\Rrk\AndroidStudioProjects\cof2\gradle\wrapper\caches\7.3.3\executionHistory).
2022-08-18T12:02:09.446+0800 [DEBUG] [org.gradle.cache.internal.locklistener.FileLockCommunicator] Confirming lock release to Gradle process at port 50902 for lock with id 2853641594472695794.
2022-08-18T12:02:09.446+0800 [DEBUG] [org.gradle.cache.internal.locklistener.FileLockCommunicator] Confirming lock release to Gradle process at port 50902 for lock with id 2853641594472695794.
2022-08-18T12:02:09.921+0800 [DEBUG] [org.gradle.cache.internal.DefaultFileLockManager] Waiting to acquire shared lock on daemon addresses registry.
2022-08-18T12:02:09.921+0800 [DEBUG] [org.gradle.cache.internal.DefaultFileLockManager] Lock acquired on daemon addresses registry.
2022-08-18T12:02:09.923+0800 [DEBUG] [org.gradle.cache.internal.DefaultFileLockManager] Releasing lock on daemon addresses registry.
2022-08-18T12:02:09.924+0800 [DEBUG] [org.gradle.cache.internal.DefaultFileLockManager] Waiting to acquire shared lock on daemon addresses registry.
2022-08-18T12:02:09.925+0800 [DEBUG] [org.gradle.cache.internal.DefaultFileLockManager] Lock acquired on daemon addresses registry.
2022-08-18T12:02:09.925+0800 [DEBUG] [org.gradle.cache.internal.DefaultFileLockManager] Releasing lock on daemon addresses registry.
2022-08-18T12:02:10.072+0800 [DEBUG] [org.gradle.cache.internal.LockOnDemandCrossProcessCacheAccess] Lock on file content cache (C:\Users\Rrk\AndroidStudioProjects\cof2\gradle\wrapper\caches\7.3.3\fileContent) requested by another process - releasing lock.
2022-08-18T12:02:10.072+0800 [DEBUG] [org.gradle.cache.internal.LockOnDemandCrossProcessCacheAccess] Releasing file lock for file content cache (C:\Users\Rrk\AndroidStudioProjects\cof2\gradle\wrapper\caches\7.3.3\fileContent)
2022-08-18T12:02:10.072+0800 [DEBUG] [org.gradle.cache.internal.DefaultFileLockManager] Releasing lock on file content cache (C:\Users\Rrk\AndroidStudioProjects\cof2\gradle\wrapper\caches\7.3.3\fileContent).
2022-08-18T12:02:10.073+0800 [DEBUG] [org.gradle.cache.internal.locklistener.FileLockCommunicator] Confirming lock release to Gradle process at port 50902 for lock with id 3529730579897367069.
2022-08-18T12:02:10.073+0800 [DEBUG] [org.gradle.cache.internal.locklistener.FileLockCommunicator] Confirming lock release to Gradle process at port 50902 for lock with id 3529730579897367069.
2022-08-18T12:02:11.404+0800 [DEBUG] [org.gradle.cache.internal.LockOnDemandCrossProcessCacheAccess] Lock on artifact cache (C:\Users\Rrk\AndroidStudioProjects\cof2\gradle\wrapper\caches\modules-2) requested by another process - releasing lock.
2022-08-18T12:02:11.404+0800 [DEBUG] [org.gradle.cache.internal.LockOnDemandCrossProcessCacheAccess] Releasing file lock for artifact cache (C:\Users\Rrk\AndroidStudioProjects\cof2\gradle\wrapper\caches\modules-2)
2022-08-18T12:02:11.405+0800 [DEBUG] [org.gradle.cache.internal.btree.BTreePersistentIndexedCache] Closing cache module-metadata.bin (C:\Users\Rrk\AndroidStudioProjects\cof2\gradle\wrapper\caches\modules-2\metadata-2.97\module-metadata.bin)
2022-08-18T12:02:11.405+0800 [DEBUG] [org.gradle.cache.internal.btree.BTreePersistentIndexedCache] Closing cache module-artifact.bin (C:\Users\Rrk\AndroidStudioProjects\cof2\gradle\wrapper\caches\modules-2\metadata-2.97\module-artifact.bin)
2022-08-18T12:02:11.405+0800 [DEBUG] [org.gradle.cache.internal.btree.BTreePersistentIndexedCache] Closing cache module-artifacts.bin (C:\Users\Rrk\AndroidStudioProjects\cof2\gradle\wrapper\caches\modules-2\metadata-2.97\module-artifacts.bin)
2022-08-18T12:02:11.406+0800 [DEBUG] [org.gradle.cache.internal.DefaultFileLockManager] Releasing lock on artifact cache (C:\Users\Rrk\AndroidStudioProjects\cof2\gradle\wrapper\caches\modules-2).
2022-08-18T12:02:11.407+0800 [DEBUG] [org.gradle.cache.internal.locklistener.FileLockCommunicator] Confirming lock release to Gradle process at port 50902 for lock with id 7723819396419391532.
2022-08-18T12:02:11.407+0800 [DEBUG] [org.gradle.cache.internal.locklistener.FileLockCommunicator] Confirming lock release to Gradle process at port 50902 for lock with id 7723819396419391532.
2022-08-18T12:02:15.134+0800 [DEBUG] [org.gradle.cache.internal.LockOnDemandCrossProcessCacheAccess] Lock on Artifact transforms cache (C:\Users\Rrk\AndroidStudioProjects\cof2\gradle\wrapper\caches\transforms-3) requested by another process - releasing lock.
2022-08-18T12:02:15.134+0800 [DEBUG] [org.gradle.cache.internal.LockOnDemandCrossProcessCacheAccess] Releasing file lock for Artifact transforms cache (C:\Users\Rrk\AndroidStudioProjects\cof2\gradle\wrapper\caches\transforms-3)
2022-08-18T12:02:15.134+0800 [DEBUG] [org.gradle.cache.internal.DefaultFileLockManager] Releasing lock on Artifact transforms cache (C:\Users\Rrk\AndroidStudioProjects\cof2\gradle\wrapper\caches\transforms-3).
2022-08-18T12:02:15.135+0800 [DEBUG] [org.gradle.cache.internal.locklistener.FileLockCommunicator] Confirming lock release to Gradle process at port 50902 for lock with id -2422456462619596180.
2022-08-18T12:02:15.135+0800 [DEBUG] [org.gradle.cache.internal.locklistener.FileLockCommunicator] Confirming lock release to Gradle process at port 50902 for lock with id -2422456462619596180.
2022-08-18T12:02:19.899+0800 [DEBUG] [org.gradle.cache.internal.DefaultFileLockManager] Waiting to acquire shared lock on daemon addresses registry.
2022-08-18T12:02:19.899+0800 [DEBUG] [org.gradle.cache.internal.DefaultFileLockManager] Lock acquired on daemon addresses registry.
2022-08-18T12:02:19.899+0800 [DEBUG] [org.gradle.cache.internal.DefaultFileLockManager] Releasing lock on daemon addresses registry.
2022-08-18T12:02:19.900+0800 [DEBUG] [org.gradle.cache.internal.DefaultFileLockManager] Waiting to acquire shared lock on daemon addresses registry.
2022-08-18T12:02:19.900+0800 [DEBUG] [org.gradle.cache.internal.DefaultFileLockManager] Lock acquired on daemon addresses registry.
2022-08-18T12:02:19.901+0800 [DEBUG] [org.gradle.cache.internal.DefaultFileLockManager] Releasing lock on daemon addresses registry.
2022-08-18T12:02:19.901+0800 [DEBUG] [org.gradle.cache.internal.DefaultFileLockManager] Waiting to acquire shared lock on daemon addresses registry.
2022-08-18T12:02:19.901+0800 [DEBUG] [org.gradle.cache.internal.DefaultFileLockManager] Lock acquired on daemon addresses registry.
2022-08-18T12:02:19.902+0800 [DEBUG] [org.gradle.cache.internal.DefaultFileLockManager] Releasing lock on daemon addresses registry.
2022-08-18T12:02:19.902+0800 [DEBUG] [org.gradle.cache.internal.DefaultFileLockManager] Waiting to acquire shared lock on daemon addresses registry.
2022-08-18T12:02:19.902+0800 [DEBUG] [org.gradle.cache.internal.DefaultFileLockManager] Lock acquired on daemon addresses registry.
2022-08-18T12:02:19.902+0800 [DEBUG] [org.gradle.cache.internal.DefaultFileLockManager] Releasing lock on daemon addresses registry.
2022-08-18T12:02:19.902+0800 [DEBUG] [org.gradle.launcher.daemon.server.DaemonRegistryUpdater] Storing daemon stop event: other compatible daemons were started and after being idle for 0 minutes and not recently used
2022-08-18T12:02:19.903+0800 [DEBUG] [org.gradle.launcher.daemon.registry.PersistentDaemonRegistry] Storing daemon stop event with timestamp 1660795339903
2022-08-18T12:02:19.904+0800 [DEBUG] [org.gradle.cache.internal.DefaultFileLockManager] Waiting to acquire exclusive lock on daemon addresses registry.
2022-08-18T12:02:19.904+0800 [DEBUG] [org.gradle.cache.internal.DefaultFileLockManager] Lock acquired on daemon addresses registry.
2022-08-18T12:02:19.905+0800 [DEBUG] [org.gradle.cache.internal.DefaultFileLockManager] Releasing lock on daemon addresses registry.
2022-08-18T12:02:19.905+0800 [LIFECYCLE] [org.gradle.launcher.daemon.server.DaemonStateCoordinator] Daemon will be stopped at the end of the build other compatible daemons were started and after being idle for 0 minutes and not recently used
2022-08-18T12:02:19.905+0800 [DEBUG] [org.gradle.launcher.daemon.server.DaemonStateCoordinator] Marking daemon stopped due to other compatible daemons were started and after being idle for 0 minutes and not recently used. The daemon is running a build: false
2022-08-18T12:02:19.905+0800 [DEBUG] [org.gradle.launcher.daemon.server.DaemonStateCoordinator] daemon has stopped.
2022-08-18T12:02:19.906+0800 [DEBUG] [org.gradle.launcher.daemon.server.Daemon] stop() called on daemon
2022-08-18T12:02:19.906+0800 [INFO] [org.gradle.launcher.daemon.server.Daemon] Stop requested. Daemon is removing its presence from the registry...
2022-08-18T12:02:19.906+0800 [DEBUG] [org.gradle.launcher.daemon.server.DaemonRegistryUpdater] Removing our presence to clients, eg. removing this address from the registry: [250492a8-3142-4379-b8b5-720e68a2afaa port:58931, addresses:[localhost/127.0.0.1]]
2022-08-18T12:02:19.906+0800 [DEBUG] [org.gradle.launcher.daemon.registry.PersistentDaemonRegistry] Removing daemon address: [250492a8-3142-4379-b8b5-720e68a2afaa port:58931, addresses:[localhost/127.0.0.1]]
2022-08-18T12:02:19.909+0800 [DEBUG] [org.gradle.cache.internal.DefaultFileLockManager] Waiting to acquire exclusive lock on daemon addresses registry.
2022-08-18T12:02:19.910+0800 [DEBUG] [org.gradle.cache.internal.DefaultFileLockManager] Lock acquired on daemon addresses registry.
2022-08-18T12:02:19.914+0800 [DEBUG] [org.gradle.cache.internal.DefaultFileLockManager] Releasing lock on daemon addresses registry.
2022-08-18T12:02:19.915+0800 [DEBUG] [org.gradle.launcher.daemon.server.DaemonRegistryUpdater] Address removed from registry.
2022-08-18T12:02:19.918+0800 [DEBUG] [org.gradle.cache.internal.DefaultPersistentDirectoryStore] jars (C:\Users\Rrk\AndroidStudioProjects\cof2\gradle\wrapper\caches\jars-9) has last been fully cleaned up 87 hours ago
2022-08-18T12:02:19.920+0800 [INFO] [org.gradle.cache.internal.AbstractCacheCleanup] jars (C:\Users\Rrk\AndroidStudioProjects\cof2\gradle\wrapper\caches\jars-9) cleanup deleted 0 files/directories.
2022-08-18T12:02:19.920+0800 [INFO] [org.gradle.cache.internal.LeastRecentlyUsedCacheCleanup] jars (C:\Users\Rrk\AndroidStudioProjects\cof2\gradle\wrapper\caches\jars-9) removing files not accessed on or after Thu Aug 11 12:01:50 CST 2022.
2022-08-18T12:02:19.921+0800 [DEBUG] [org.gradle.cache.internal.LockOnDemandCrossProcessCacheAccess] Acquiring file lock for journal cache (C:\Users\Rrk\AndroidStudioProjects\cof2\gradle\wrapper\caches\journal-1)
2022-08-18T12:02:19.925+0800 [DEBUG] [org.gradle.cache.internal.DefaultFileLockManager] Waiting to acquire exclusive lock on journal cache (C:\Users\Rrk\AndroidStudioProjects\cof2\gradle\wrapper\caches\journal-1).
2022-08-18T12:02:19.925+0800 [DEBUG] [org.gradle.cache.internal.DefaultFileLockManager] The file lock for journal cache (C:\Users\Rrk\AndroidStudioProjects\cof2\gradle\wrapper\caches\journal-1) is held by a different Gradle process (pid: 17308, lockId: 3204961206444307193). Pinged owner at port 50902
2022-08-18T12:02:19.926+0800 [DEBUG] [org.gradle.cache.internal.locklistener.DefaultFileLockContentionHandler] Gradle process at port 50902 confirmed unlock request for lock with id 3204961206444307193.
2022-08-18T12:02:19.926+0800 [DEBUG] [org.gradle.cache.internal.locklistener.DefaultFileLockContentionHandler] Gradle process at port 50902 confirmed unlock request for lock with id 3204961206444307193.
2022-08-18T12:02:19.929+0800 [DEBUG] [org.gradle.cache.internal.locklistener.DefaultFileLockContentionHandler] Gradle process at port 50902 confirmed lock release for lock with id 3204961206444307193.
2022-08-18T12:02:19.929+0800 [DEBUG] [org.gradle.cache.internal.locklistener.DefaultFileLockContentionHandler] Triggering lock release signal for lock with id 3204961206444307193.
2022-08-18T12:02:19.929+0800 [DEBUG] [org.gradle.cache.internal.locklistener.DefaultFileLockContentionHandler] Gradle process at port 50902 confirmed lock release for lock with id 3204961206444307193.
2022-08-18T12:02:19.929+0800 [DEBUG] [org.gradle.cache.internal.locklistener.DefaultFileLockContentionHandler] Triggering lock release signal for lock with id 3204961206444307193.
2022-08-18T12:02:19.930+0800 [DEBUG] [org.gradle.cache.internal.DefaultFileLockManager] Lock acquired on journal cache (C:\Users\Rrk\AndroidStudioProjects\cof2\gradle\wrapper\caches\journal-1).
2022-08-18T12:02:19.930+0800 [INFO] [org.gradle.cache.internal.InMemoryDecoratedCache] Invalidating in-memory cache of C:\Users\Rrk\AndroidStudioProjects\cof2\gradle\wrapper\caches\journal-1\file-access.bin
2022-08-18T12:02:19.930+0800 [DEBUG] [org.gradle.cache.internal.btree.BTreePersistentIndexedCache] Opening cache file-access.bin (C:\Users\Rrk\AndroidStudioProjects\cof2\gradle\wrapper\caches\journal-1\file-access.bin)
2022-08-18T12:02:19.959+0800 [INFO] [org.gradle.cache.internal.AbstractCacheCleanup] jars (C:\Users\Rrk\AndroidStudioProjects\cof2\gradle\wrapper\caches\jars-9) cleanup deleted 0 files/directories.
2022-08-18T12:02:19.960+0800 [INFO] [org.gradle.cache.internal.DefaultPersistentDirectoryStore] jars (C:\Users\Rrk\AndroidStudioProjects\cof2\gradle\wrapper\caches\jars-9) cleaned up in 0.041 secs.
2022-08-18T12:02:19.970+0800 [DEBUG] [org.gradle.internal.watch.vfs.impl.WatchingVirtualFileSystem] Closing VFS, dropping state
2022-08-18T12:02:19.972+0800 [DEBUG] [org.gradle.internal.watch.registry.impl.DefaultFileWatcherRegistry] Finished listening to file system change events
2022-08-18T12:02:19.972+0800 [DEBUG] [org.gradle.cache.internal.DefaultPersistentDirectoryStore] Artifact transforms cache (C:\Users\Rrk\AndroidStudioProjects\cof2\gradle\wrapper\caches\transforms-3) has last been fully cleaned up 87 hours ago
2022-08-18T12:02:19.973+0800 [INFO] [org.gradle.cache.internal.LeastRecentlyUsedCacheCleanup] Artifact transforms cache (C:\Users\Rrk\AndroidStudioProjects\cof2\gradle\wrapper\caches\transforms-3) removing files not accessed on or after Thu Aug 11 12:01:52 CST 2022.
2022-08-18T12:02:20.037+0800 [INFO] [org.gradle.cache.internal.AbstractCacheCleanup] Artifact transforms cache (C:\Users\Rrk\AndroidStudioProjects\cof2\gradle\wrapper\caches\transforms-3) cleanup deleted 0 files/directories.
2022-08-18T12:02:20.038+0800 [INFO] [org.gradle.cache.internal.DefaultPersistentDirectoryStore] Artifact transforms cache (C:\Users\Rrk\AndroidStudioProjects\cof2\gradle\wrapper\caches\transforms-3) cleaned up in 0.065 secs.
2022-08-18T12:02:20.038+0800 [DEBUG] [org.gradle.cache.internal.DefaultPersistentDirectoryStore] artifact cache (C:\Users\Rrk\AndroidStudioProjects\cof2\gradle\wrapper\caches\modules-2) has last been fully cleaned up 87 hours ago
2022-08-18T12:02:20.039+0800 [INFO] [org.gradle.cache.internal.AbstractCacheCleanup] artifact cache (C:\Users\Rrk\AndroidStudioProjects\cof2\gradle\wrapper\caches\modules-2) cleanup deleted 0 files/directories.
2022-08-18T12:02:20.041+0800 [INFO] [org.gradle.cache.internal.AbstractCacheCleanup] artifact cache (C:\Users\Rrk\AndroidStudioProjects\cof2\gradle\wrapper\caches\modules-2) [subdir: C:\Users\Rrk\AndroidStudioProjects\cof2\gradle\wrapper\caches\modules-2\resources-2.1] cleanup deleted 0 files/directories.
2022-08-18T12:02:20.041+0800 [INFO] [org.gradle.cache.internal.LeastRecentlyUsedCacheCleanup] artifact cache (C:\Users\Rrk\AndroidStudioProjects\cof2\gradle\wrapper\caches\modules-2) [subdir: C:\Users\Rrk\AndroidStudioProjects\cof2\gradle\wrapper\caches\modules-2\resources-2.1] removing files not accessed on or after Tue Jul 19 12:01:57 CST 2022.
2022-08-18T12:02:20.041+0800 [INFO] [org.gradle.cache.internal.AbstractCacheCleanup] artifact cache (C:\Users\Rrk\AndroidStudioProjects\cof2\gradle\wrapper\caches\modules-2) [subdir: C:\Users\Rrk\AndroidStudioProjects\cof2\gradle\wrapper\caches\modules-2\resources-2.1] cleanup deleted 0 files/directories.
2022-08-18T12:02:20.042+0800 [INFO] [org.gradle.cache.internal.AbstractCacheCleanup] artifact cache (C:\Users\Rrk\AndroidStudioProjects\cof2\gradle\wrapper\caches\modules-2) [subdir: C:\Users\Rrk\AndroidStudioProjects\cof2\gradle\wrapper\caches\modules-2\files-2.1] cleanup deleted 0 files/directories.
2022-08-18T12:02:20.042+0800 [INFO] [org.gradle.cache.internal.LeastRecentlyUsedCacheCleanup] artifact cache (C:\Users\Rrk\AndroidStudioProjects\cof2\gradle\wrapper\caches\modules-2) [subdir: C:\Users\Rrk\AndroidStudioProjects\cof2\gradle\wrapper\caches\modules-2\files-2.1] removing files not accessed on or after Tue Jul 19 12:01:57 CST 2022.
2022-08-18T12:02:20.168+0800 [INFO] [org.gradle.cache.internal.AbstractCacheCleanup] artifact cache (C:\Users\Rrk\AndroidStudioProjects\cof2\gradle\wrapper\caches\modules-2) [subdir: C:\Users\Rrk\AndroidStudioProjects\cof2\gradle\wrapper\caches\modules-2\files-2.1] cleanup deleted 0 files/directories.
2022-08-18T12:02:20.169+0800 [INFO] [org.gradle.cache.internal.AbstractCacheCleanup] artifact cache (C:\Users\Rrk\AndroidStudioProjects\cof2\gradle\wrapper\caches\modules-2) [subdir: C:\Users\Rrk\AndroidStudioProjects\cof2\gradle\wrapper\caches\modules-2\metadata-2.97] cleanup deleted 0 files/directories.
2022-08-18T12:02:20.169+0800 [INFO] [org.gradle.cache.internal.DefaultPersistentDirectoryStore] artifact cache (C:\Users\Rrk\AndroidStudioProjects\cof2\gradle\wrapper\caches\modules-2) cleaned up in 0.13 secs.
2022-08-18T12:02:20.170+0800 [DEBUG] [org.gradle.cache.internal.LockOnDemandCrossProcessCacheAccess] Releasing file lock for journal cache (C:\Users\Rrk\AndroidStudioProjects\cof2\gradle\wrapper\caches\journal-1)
2022-08-18T12:02:20.170+0800 [DEBUG] [org.gradle.cache.internal.btree.BTreePersistentIndexedCache] Closing cache file-access.bin (C:\Users\Rrk\AndroidStudioProjects\cof2\gradle\wrapper\caches\journal-1\file-access.bin)
2022-08-18T12:02:20.170+0800 [DEBUG] [org.gradle.cache.internal.DefaultFileLockManager] Releasing lock on journal cache (C:\Users\Rrk\AndroidStudioProjects\cof2\gradle\wrapper\caches\journal-1).
2022-08-18T12:02:20.170+0800 [DEBUG] [org.gradle.cache.internal.DefaultCacheAccess] Cache journal cache (C:\Users\Rrk\AndroidStudioProjects\cof2\gradle\wrapper\caches\journal-1) was closed 2 times.
2022-08-18T12:02:20.171+0800 [DEBUG] [org.gradle.cache.internal.DefaultCacheAccess] Cache Generated Gradle JARs cache (C:\Users\Rrk\AndroidStudioProjects\cof2\gradle\wrapper\caches\7.3.3\generated-gradle-jars) was closed 0 times.
2022-08-18T12:02:20.173+0800 [DEBUG] [org.gradle.cache.internal.VersionSpecificCacheCleanupAction] Processed version-specific caches at C:\Users\Rrk\AndroidStudioProjects\cof2\gradle\wrapper\caches for cleanup in 0.0 secs
Daemon vm is shutting down... The daemon has exited normally or was terminated in response to a user interrupt.
2022-08-18T12:02:20.187+0800 [DEBUG] [org.gradle.launcher.daemon.registry.PersistentDaemonRegistry] Removing daemon address: [250492a8-3142-4379-b8b5-720e68a2afaa port:58931, addresses:[localhost/127.0.0.1]]
2022-08-18T12:02:20.191+0800 [DEBUG] [org.gradle.cache.internal.DefaultFileLockManager] Waiting to acquire exclusive lock on daemon addresses registry.
2022-08-18T12:02:20.191+0800 [DEBUG] [org.gradle.cache.internal.DefaultFileLockManager] Lock acquired on daemon addresses registry.
2022-08-18T12:02:20.195+0800 [DEBUG] [org.gradle.cache.internal.DefaultFileLockManager] Releasing lock on daemon addresses registry.
